<?xml version="1.0" encoding="UTF-8"?>
<!-- Generated by org.testng.reporters.JUnitXMLReporter -->
<testsuite ignored="0" hostname="LTIN588221" failures="0" tests="4" name="chrome_Test" time="0.065" errors="0" timestamp="2025-06-04T13:19:55 IST">
  <testcase classname="main.RediffTest" name="@BeforeClass createDriver" time="-1.749023395118E9">
    <failure type="org.testng.TestNGException" message="
Parameter &amp;apos;browser&amp;apos; is required by BeforeClass on method createDriver but has not been marked @Optional or defined
in C:\Users\2397959\eclipse-selenium\MultipleWindowMiniProject\src\test\java\main\testng.xml">
      <![CDATA[org.testng.TestNGException: 
Parameter 'browser' is required by BeforeClass on method createDriver but has not been marked @Optional or defined
in C:\Users\2397959\eclipse-selenium\MultipleWindowMiniProject\src\test\java\main\testng.xml
at java.base/java.util.ArrayList.forEach(ArrayList.java:1596)
at java.base/java.util.concurrent.FutureTask.run(FutureTask.java:317)
at java.base/java.util.concurrent.ThreadPoolExecutor.runWorker(ThreadPoolExecutor.java:1144)
at java.base/java.util.concurrent.ThreadPoolExecutor$Worker.run(ThreadPoolExecutor.java:642)
at java.base/java.lang.Thread.run(Thread.java:1583)
... Removed 13 stack frames]]>
    </failure>
  </testcase> <!-- @BeforeClass createDriver -->
  <testcase classname="main.RediffTest" name="@BeforeClass createDriver" time="-1.749023395118E9">
    <failure type="org.testng.TestNGException" message="
Parameter &amp;apos;browser&amp;apos; is required by BeforeClass on method createDriver but has not been marked @Optional or defined
in C:\Users\2397959\eclipse-selenium\MultipleWindowMiniProject\src\test\java\main\testng.xml">
      <![CDATA[org.testng.TestNGException: 
Parameter 'browser' is required by BeforeClass on method createDriver but has not been marked @Optional or defined
in C:\Users\2397959\eclipse-selenium\MultipleWindowMiniProject\src\test\java\main\testng.xml
at java.base/java.util.ArrayList.forEach(ArrayList.java:1596)
at java.base/java.util.concurrent.FutureTask.run(FutureTask.java:317)
at java.base/java.util.concurrent.ThreadPoolExecutor.runWorker(ThreadPoolExecutor.java:1144)
at java.base/java.util.concurrent.ThreadPoolExecutor$Worker.run(ThreadPoolExecutor.java:642)
at java.base/java.lang.Thread.run(Thread.java:1583)
... Removed 13 stack frames]]>
    </failure>
  </testcase> <!-- @BeforeClass createDriver -->
  <testcase classname="main.RediffTest" name="@AfterClass closeBrowser" time="-1.749023395157E9">
    <skipped/>
  </testcase> <!-- @AfterClass closeBrowser -->
  <testcase classname="main.RediffTest" name="@AfterClass closeBrowser" time="-1.749023395158E9">
    <skipped/>
  </testcase> <!-- @AfterClass closeBrowser -->
  <testcase classname="main.RediffTest" name="checkHeadingDisplayed" time="0.0">
    <skipped/>
  </testcase> <!-- checkHeadingDisplayed -->
  <testcase classname="main.RediffTest" name="clickCreateAccount" time="0.0">
    <skipped/>
  </testcase> <!-- clickCreateAccount -->
  <testcase classname="main.RediffTest" name="cntNumberOfLinks" time="0.0">
    <skipped/>
  </testcase> <!-- cntNumberOfLinks -->
  <testcase classname="main.RediffTest" name="handleTermsWindow" time="0.0">
    <skipped/>
  </testcase> <!-- handleTermsWindow -->
</testsuite> <!-- chrome_Test -->
